<?xml version="1.0" encoding="UTF-8"?>
<!-- Generated by org.testng.reporters.JUnitReportReporter -->
<testsuite hostname="BLR-LP-600599A" failures="0" tests="2" name="testCases.Test2" time="15.965" errors="0" timestamp="2025-03-24T16:19:11 IST" skipped="0">
  <testcase classname="testCases.Test2" name="Test2" time="11.550"/>
  <system-out/>
  <testcase classname="testCases.Test2" name="Test2" time="4.415"/>
  <system-out/>
</testsuite> <!-- testCases.Test2 -->
