<?xml version="1.0" encoding="UTF-8"?>
<!-- Generated by org.testng.reporters.JUnitReportReporter -->
<testsuite hostname="BLR-LP-600599A" failures="0" tests="1" name="testCases.Test4" time="33.089" errors="0" timestamp="2025-04-17T14:13:42 IST" skipped="0">
  <testcase classname="testCases.Test4" name="Test4" time="33.089"/>
</testsuite> <!-- testCases.Test4 -->
