<?xml version="1.0" encoding="UTF-8"?>
<!-- Generated by org.testng.reporters.JUnitReportReporter -->
<testsuite hostname="BLR-LP-600599A" failures="0" tests="1" name="testCases.Test3" time="3.716" errors="0" timestamp="2025-04-17T14:08:11 IST" skipped="0">
  <testcase classname="testCases.Test3" name="testSearch" time="3.716"/>
</testsuite> <!-- testCases.Test3 -->
