<?xml version="1.0" encoding="UTF-8"?>
<!-- Generated by org.testng.reporters.JUnitReportReporter -->
<testsuite hostname="BLR-LP-600599A" failures="0" tests="1" name="libraries.Driver2" time="15.151" errors="0" timestamp="2025-05-26T18:29:34 IST" skipped="0">
  <testcase classname="libraries.Driver2" name="main" time="15.151"/>
</testsuite> <!-- libraries.Driver2 -->
