<?xml version="1.0" encoding="UTF-8"?>
<!-- Generated by org.testng.reporters.JUnitReportReporter -->
<testsuite hostname="BLR-LP-600599A" failures="0" tests="2" name="libraries.Driver" time="4.759" errors="0" timestamp="2025-05-20T14:24:44 IST" skipped="0">
  <testcase classname="libraries.Driver" name="testRunner" time="2.323"/>
  <testcase classname="libraries.Driver" name="testRunner" time="2.436"/>
</testsuite> <!-- libraries.Driver -->
